<?xml version="1.0" encoding="UTF-8"?>
<testng-results ignored="0" total="3" passed="3" failed="0" skipped="0">
  <reporter-output>
  </reporter-output>
  <suite started-at="2024-10-21T02:48:58Z" name="Suite" finished-at="2024-10-21T02:49:01Z" duration-ms="2548">
    <groups>
      <group name="cucumber">
        <method signature="AbstractTestNGCucumberTests.runScenario(io.cucumber.testng.PickleWrapper, io.cucumber.testng.FeatureWrapper)[pri:0, instance:com.runner.PBLoginRunner@2d6764b2]" name="runScenario" class="io.cucumber.testng.AbstractTestNGCucumberTests"/>
        <method signature="AbstractTestNGCucumberTests.runScenario(io.cucumber.testng.PickleWrapper, io.cucumber.testng.FeatureWrapper)[pri:0, instance:com.runner.PBLogoutRunner@67304a40]" name="runScenario" class="io.cucumber.testng.AbstractTestNGCucumberTests"/>
      </group> <!-- cucumber -->
    </groups>
    <test started-at="2024-10-21T02:48:58Z" name="Test" finished-at="2024-10-21T02:49:01Z" duration-ms="2548">
      <class name="com.runner.PBLoginRunner">
        <test-method is-config="true" signature="setup()[pri:0, instance:com.runner.PBLoginRunner@2d6764b2]" started-at="2024-10-21T02:48:58Z" name="setup" finished-at="2024-10-21T02:48:58Z" duration-ms="6" status="PASS">
          <reporter-output>
          </reporter-output>
        </test-method> <!-- setup -->
        <test-method is-config="true" signature="setup()[pri:0, instance:com.runner.PBLogoutRunner@67304a40]" started-at="2024-10-21T02:48:58Z" name="setup" finished-at="2024-10-21T02:48:58Z" duration-ms="0" status="PASS">
          <reporter-output>
          </reporter-output>
        </test-method> <!-- setup -->
        <test-method is-config="true" signature="setUpClass()[pri:0, instance:com.runner.PBLoginRunner@2d6764b2]" started-at="2024-10-21T02:48:58Z" name="setUpClass" finished-at="2024-10-21T02:48:58Z" duration-ms="327" status="PASS">
          <reporter-output>
          </reporter-output>
        </test-method> <!-- setUpClass -->
        <test-method signature="runScenario(io.cucumber.testng.PickleWrapper, io.cucumber.testng.FeatureWrapper)[pri:0, instance:com.runner.PBLoginRunner@2d6764b2]" started-at="2024-10-21T02:48:58Z" name="runScenario" description="Runs Cucumber Scenarios" data-provider="scenarios" finished-at="2024-10-21T02:48:58Z" duration-ms="96" status="PASS">
          <params>
            <param index="0">
              <value>
                <![CDATA["As a user, I want to login to the Parabank site with valid credentials,"]]>
              </value>
            </param>
            <param index="1">
              <value>
                <![CDATA["Optional[Parabank login testing]"]]>
              </value>
            </param>
          </params>
          <reporter-output>
          </reporter-output>
        </test-method> <!-- runScenario -->
        <test-method signature="runScenario(io.cucumber.testng.PickleWrapper, io.cucumber.testng.FeatureWrapper)[pri:0, instance:com.runner.PBLoginRunner@2d6764b2]" started-at="2024-10-21T02:48:58Z" name="runScenario" description="Runs Cucumber Scenarios" data-provider="scenarios" finished-at="2024-10-21T02:48:58Z" duration-ms="8" status="PASS">
          <params>
            <param index="0">
              <value>
                <![CDATA["As a user, I want to login with only email but no password, so that"]]>
              </value>
            </param>
            <param index="1">
              <value>
                <![CDATA["Optional[Parabank login testing]"]]>
              </value>
            </param>
          </params>
          <reporter-output>
          </reporter-output>
        </test-method> <!-- runScenario -->
        <test-method is-config="true" signature="tearDownClass()[pri:0, instance:com.runner.PBLoginRunner@2d6764b2]" started-at="2024-10-21T02:48:58Z" name="tearDownClass" finished-at="2024-10-21T02:49:00Z" duration-ms="1393" status="PASS">
          <reporter-output>
          </reporter-output>
        </test-method> <!-- tearDownClass -->
      </class> <!-- com.runner.PBLoginRunner -->
      <class name="com.runner.PBLogoutRunner">
        <test-method is-config="true" signature="setUpClass()[pri:0, instance:com.runner.PBLogoutRunner@67304a40]" started-at="2024-10-21T02:49:00Z" name="setUpClass" finished-at="2024-10-21T02:49:00Z" duration-ms="10" status="PASS">
          <reporter-output>
          </reporter-output>
        </test-method> <!-- setUpClass -->
        <test-method signature="runScenario(io.cucumber.testng.PickleWrapper, io.cucumber.testng.FeatureWrapper)[pri:0, instance:com.runner.PBLogoutRunner@67304a40]" started-at="2024-10-21T02:49:00Z" name="runScenario" description="Runs Cucumber Scenarios" data-provider="scenarios" finished-at="2024-10-21T02:49:00Z" duration-ms="9" status="PASS">
          <params>
            <param index="0">
              <value>
                <![CDATA["As a logged in user, I want to logout from the parabank website, so that my"]]>
              </value>
            </param>
            <param index="1">
              <value>
                <![CDATA["Optional[Parabank logout testing]"]]>
              </value>
            </param>
          </params>
          <reporter-output>
          </reporter-output>
        </test-method> <!-- runScenario -->
        <test-method is-config="true" signature="tearDownClass()[pri:0, instance:com.runner.PBLogoutRunner@67304a40]" started-at="2024-10-21T02:49:00Z" name="tearDownClass" finished-at="2024-10-21T02:49:01Z" duration-ms="686" status="PASS">
          <reporter-output>
          </reporter-output>
        </test-method> <!-- tearDownClass -->
      </class> <!-- com.runner.PBLogoutRunner -->
    </test> <!-- Test -->
  </suite> <!-- Suite -->
</testng-results>
